16/05/13 10:39:16 WARN util.NativeCodeLoader: Unable to load native-hadoop library for your platform... using builtin-java classes where applicable
16/05/13 10:39:19 WARN util.NativeCodeLoader: Unable to load native-hadoop library for your platform... using builtin-java classes where applicable
16/05/13 10:39:21 WARN util.NativeCodeLoader: Unable to load native-hadoop library for your platform... using builtin-java classes where applicable
16/05/13 10:39:23 WARN util.NativeCodeLoader: Unable to load native-hadoop library for your platform... using builtin-java classes where applicable
16/05/13 10:39:24 INFO fs.TrashPolicyDefault: Namenode trash configuration: Deletion interval = 0 minutes, Emptier interval = 0 minutes.
Deleted data/sampleMauro.txt
16/05/13 10:39:25 WARN util.NativeCodeLoader: Unable to load native-hadoop library for your platform... using builtin-java classes where applicable
      ***********************************
INFO: running extraction with
		support threshold   	= 100
		confidence threshold 	= 0.2
      ***********************************
************************************************
INFO: starting frequent itemset extraction for 1-tupels.
16/05/13 10:39:28 WARN util.NativeCodeLoader: Unable to load native-hadoop library for your platform... using builtin-java classes where applicable
16/05/13 10:39:29 INFO client.RMProxy: Connecting to ResourceManager at /0.0.0.0:8032
16/05/13 10:39:30 WARN mapreduce.JobResourceUploader: Hadoop command-line option parsing not performed. Implement the Tool interface and execute your application with ToolRunner to remedy this.
16/05/13 10:39:30 INFO input.FileInputFormat: Total input paths to process : 1
16/05/13 10:39:31 INFO mapreduce.JobSubmitter: number of splits:1
16/05/13 10:39:31 INFO mapreduce.JobSubmitter: Submitting tokens for job: job_1463068746306_0092
16/05/13 10:39:31 INFO impl.YarnClientImpl: Submitted application application_1463068746306_0092
16/05/13 10:39:31 INFO mapreduce.Job: The url to track the job: http://Pauls-MacBook-Air.local:8088/proxy/application_1463068746306_0092/
16/05/13 10:39:31 INFO mapreduce.Job: Running job: job_1463068746306_0092
16/05/13 10:39:42 INFO mapreduce.Job: Job job_1463068746306_0092 running in uber mode : false
16/05/13 10:39:42 INFO mapreduce.Job:  map 0% reduce 0%
16/05/13 10:39:49 INFO mapreduce.Job:  map 100% reduce 0%
16/05/13 10:39:54 INFO mapreduce.Job:  map 100% reduce 100%
16/05/13 10:39:55 INFO mapreduce.Job: Job job_1463068746306_0092 completed successfully
16/05/13 10:39:55 INFO mapreduce.Job: Counters: 55
	File System Counters
		FILE: Number of bytes read=1588
		FILE: Number of bytes written=239397
		FILE: Number of read operations=0
		FILE: Number of large read operations=0
		FILE: Number of write operations=0
		HDFS: Number of bytes read=510800
		HDFS: Number of bytes written=12651
		HDFS: Number of read operations=12
		HDFS: Number of large read operations=0
		HDFS: Number of write operations=6
	Job Counters 
		Launched map tasks=1
		Launched reduce tasks=1
		Data-local map tasks=1
		Total time spent by all maps in occupied slots (ms)=4581
		Total time spent by all reduces in occupied slots (ms)=3282
		Total time spent by all map tasks (ms)=4581
		Total time spent by all reduce tasks (ms)=3282
		Total vcore-milliseconds taken by all map tasks=4581
		Total vcore-milliseconds taken by all reduce tasks=3282
		Total megabyte-milliseconds taken by all map tasks=4690944
		Total megabyte-milliseconds taken by all reduce tasks=3360768
	Map-Reduce Framework
		Map input records=9835
		Map output records=43367
		Map output bytes=299093
		Map output materialized bytes=1588
		Input split bytes=124
		Combine input records=43367
		Combine output records=169
		Reduce input groups=169
		Reduce shuffle bytes=1588
		Reduce input records=169
		Reduce output records=88
		Spilled Records=338
		Shuffled Maps =1
		Failed Shuffles=0
		Merged Map outputs=1
		GC time elapsed (ms)=168
		CPU time spent (ms)=0
		Physical memory (bytes) snapshot=0
		Virtual memory (bytes) snapshot=0
		Total committed heap usage (bytes)=287309824
	AssociationRules.mappers.CandidateMapper$Counters
		INPUTLINES=9835
		ITEMS=169
		REJECTED_WL=43367
		WRITTENSETS=43367
	AssociationRules.reducers.CandidateReducer$Counters
		DECLINED_SETS=81
		FREQUENT_ITEMSETS=88
	Shuffle Errors
		BAD_ID=0
		CONNECTION=0
		IO_ERROR=0
		WRONG_LENGTH=0
		WRONG_MAP=0
		WRONG_REDUCE=0
	File Input Format Counters 
		Bytes Read=510676
	File Output Format Counters 
		Bytes Written=625
INFO: frequent itemset extraction completed for tupel size: 1
INFO: number of processed baskets : 9835
INFO: number of passed itemsets: 43367
INFO: number of frequent itemsets : 88
************************************************
************************************************
INFO: starting frequent itemset extraction for 2-tupels.
16/05/13 10:39:55 INFO client.RMProxy: Connecting to ResourceManager at /0.0.0.0:8032
16/05/13 10:39:55 WARN mapreduce.JobResourceUploader: Hadoop command-line option parsing not performed. Implement the Tool interface and execute your application with ToolRunner to remedy this.
16/05/13 10:39:55 INFO input.FileInputFormat: Total input paths to process : 1
16/05/13 10:39:56 INFO mapreduce.JobSubmitter: number of splits:1
16/05/13 10:39:56 INFO mapreduce.JobSubmitter: Submitting tokens for job: job_1463068746306_0093
16/05/13 10:39:56 INFO impl.YarnClientImpl: Submitted application application_1463068746306_0093
16/05/13 10:39:56 INFO mapreduce.Job: The url to track the job: http://Pauls-MacBook-Air.local:8088/proxy/application_1463068746306_0093/
16/05/13 10:39:56 INFO mapreduce.Job: Running job: job_1463068746306_0093
16/05/13 10:40:07 INFO mapreduce.Job: Job job_1463068746306_0093 running in uber mode : false
16/05/13 10:40:07 INFO mapreduce.Job:  map 0% reduce 0%
16/05/13 10:40:14 INFO mapreduce.Job:  map 100% reduce 0%
16/05/13 10:40:20 INFO mapreduce.Job:  map 100% reduce 100%
16/05/13 10:40:20 INFO mapreduce.Job: Job job_1463068746306_0093 completed successfully
16/05/13 10:40:20 INFO mapreduce.Job: Counters: 54
	File System Counters
		FILE: Number of bytes read=43651
		FILE: Number of bytes written=323523
		FILE: Number of read operations=0
		FILE: Number of large read operations=0
		FILE: Number of write operations=0
		HDFS: Number of bytes read=520224
		HDFS: Number of bytes written=12130
		HDFS: Number of read operations=13
		HDFS: Number of large read operations=0
		HDFS: Number of write operations=9
	Job Counters 
		Launched map tasks=1
		Launched reduce tasks=1
		Data-local map tasks=1
		Total time spent by all maps in occupied slots (ms)=4717
		Total time spent by all reduces in occupied slots (ms)=3321
		Total time spent by all map tasks (ms)=4717
		Total time spent by all reduce tasks (ms)=3321
		Total vcore-milliseconds taken by all map tasks=4717
		Total vcore-milliseconds taken by all reduce tasks=3321
		Total megabyte-milliseconds taken by all map tasks=4830208
		Total megabyte-milliseconds taken by all reduce tasks=3400704
	Map-Reduce Framework
		Map input records=9835
		Map output records=61563
		Map output bytes=594543
		Map output materialized bytes=43651
		Input split bytes=124
		Combine input records=61563
		Combine output records=3639
		Reduce input groups=3639
		Reduce shuffle bytes=43651
		Reduce input records=3639
		Reduce output records=77
		Spilled Records=7278
		Shuffled Maps =1
		Failed Shuffles=0
		Merged Map outputs=1
		GC time elapsed (ms)=150
		CPU time spent (ms)=0
		Physical memory (bytes) snapshot=0
		Virtual memory (bytes) snapshot=0
		Total committed heap usage (bytes)=281018368
	AssociationRules.mappers.CandidateMapper$Counters
		INPUTLINES=9835
		REJECTED_WL=3312
		WRITTENSETS=61563
	AssociationRules.reducers.CandidateReducer$Counters
		DECLINED_SETS=3562
		FREQUENT_ITEMSETS=77
	Shuffle Errors
		BAD_ID=0
		CONNECTION=0
		IO_ERROR=0
		WRONG_LENGTH=0
		WRONG_MAP=0
		WRONG_REDUCE=0
	File Input Format Counters 
		Bytes Read=510676
	File Output Format Counters 
		Bytes Written=714
INFO: frequent itemset extraction completed for tupel size: 2
INFO: number of processed baskets : 9835
INFO: number of passed itemsets: 61563
INFO: number of frequent itemsets : 77
************************************************
************************************************
INFO: starting frequent itemset extraction for 3-tupels.
16/05/13 10:40:21 INFO client.RMProxy: Connecting to ResourceManager at /0.0.0.0:8032
16/05/13 10:40:21 WARN mapreduce.JobResourceUploader: Hadoop command-line option parsing not performed. Implement the Tool interface and execute your application with ToolRunner to remedy this.
16/05/13 10:40:21 INFO input.FileInputFormat: Total input paths to process : 1
16/05/13 10:40:21 INFO mapreduce.JobSubmitter: number of splits:1
16/05/13 10:40:21 INFO mapreduce.JobSubmitter: Submitting tokens for job: job_1463068746306_0094
16/05/13 10:40:21 INFO impl.YarnClientImpl: Submitted application application_1463068746306_0094
16/05/13 10:40:21 INFO mapreduce.Job: The url to track the job: http://Pauls-MacBook-Air.local:8088/proxy/application_1463068746306_0094/
16/05/13 10:40:21 INFO mapreduce.Job: Running job: job_1463068746306_0094
16/05/13 10:40:34 INFO mapreduce.Job: Job job_1463068746306_0094 running in uber mode : false
16/05/13 10:40:34 INFO mapreduce.Job:  map 0% reduce 0%
16/05/13 10:40:40 INFO mapreduce.Job:  map 100% reduce 0%
16/05/13 10:40:46 INFO mapreduce.Job:  map 100% reduce 100%
16/05/13 10:40:46 INFO mapreduce.Job: Job job_1463068746306_0094 completed successfully
16/05/13 10:40:46 INFO mapreduce.Job: Counters: 54
	File System Counters
		FILE: Number of bytes read=23244
		FILE: Number of bytes written=282709
		FILE: Number of read operations=0
		FILE: Number of large read operations=0
		FILE: Number of write operations=0
		HDFS: Number of bytes read=519614
		HDFS: Number of bytes written=11079
		HDFS: Number of read operations=13
		HDFS: Number of large read operations=0
		HDFS: Number of write operations=9
	Job Counters 
		Launched map tasks=1
		Launched reduce tasks=1
		Data-local map tasks=1
		Total time spent by all maps in occupied slots (ms)=4023
		Total time spent by all reduces in occupied slots (ms)=3242
		Total time spent by all map tasks (ms)=4023
		Total time spent by all reduce tasks (ms)=3242
		Total vcore-milliseconds taken by all map tasks=4023
		Total vcore-milliseconds taken by all reduce tasks=3242
		Total megabyte-milliseconds taken by all map tasks=4119552
		Total megabyte-milliseconds taken by all reduce tasks=3319808
	Map-Reduce Framework
		Map input records=9835
		Map output records=3675
		Map output bytes=44145
		Map output materialized bytes=23244
		Input split bytes=124
		Combine input records=3675
		Combine output records=1643
		Reduce input groups=1643
		Reduce shuffle bytes=23244
		Reduce input records=1643
		Reduce output records=0
		Spilled Records=3286
		Shuffled Maps =1
		Failed Shuffles=0
		Merged Map outputs=1
		GC time elapsed (ms)=177
		CPU time spent (ms)=0
		Physical memory (bytes) snapshot=0
		Virtual memory (bytes) snapshot=0
		Total committed heap usage (bytes)=289406976
	AssociationRules.mappers.CandidateMapper$Counters
		INPUTLINES=9835
		REJECTED_WL=17982
		WRITTENSETS=3675
	AssociationRules.reducers.CandidateReducer$Counters
		DECLINED_SETS=1643
		FREQUENT_ITEMSETS=0
	Shuffle Errors
		BAD_ID=0
		CONNECTION=0
		IO_ERROR=0
		WRONG_LENGTH=0
		WRONG_MAP=0
		WRONG_REDUCE=0
	File Input Format Counters 
		Bytes Read=510676
	File Output Format Counters 
		Bytes Written=0
INFO: frequent itemset extraction completed for tupel size: 3
INFO: number of processed baskets : 9835
INFO: number of passed itemsets: 3675
INFO: number of frequent itemsets : 0
************************************************
Stopped after trying with 3-tupels
************************************************
INFO: starting rules extraction.
16/05/13 10:40:46 INFO client.RMProxy: Connecting to ResourceManager at /0.0.0.0:8032
16/05/13 10:40:46 WARN mapreduce.JobResourceUploader: Hadoop command-line option parsing not performed. Implement the Tool interface and execute your application with ToolRunner to remedy this.
16/05/13 10:40:46 INFO input.FileInputFormat: Total input paths to process : 2
16/05/13 10:40:46 INFO mapreduce.JobSubmitter: number of splits:2
16/05/13 10:40:46 INFO mapreduce.JobSubmitter: Submitting tokens for job: job_1463068746306_0095
16/05/13 10:40:47 INFO impl.YarnClientImpl: Submitted application application_1463068746306_0095
16/05/13 10:40:47 INFO mapreduce.Job: The url to track the job: http://Pauls-MacBook-Air.local:8088/proxy/application_1463068746306_0095/
16/05/13 10:40:47 INFO mapreduce.Job: Running job: job_1463068746306_0095
16/05/13 10:40:59 INFO mapreduce.Job: Job job_1463068746306_0095 running in uber mode : false
16/05/13 10:40:59 INFO mapreduce.Job:  map 0% reduce 0%
16/05/13 10:41:07 INFO mapreduce.Job:  map 100% reduce 0%
16/05/13 10:41:12 INFO mapreduce.Job:  map 100% reduce 100%
16/05/13 10:41:13 INFO mapreduce.Job: Job job_1463068746306_0095 completed successfully
16/05/13 10:41:13 INFO mapreduce.Job: Counters: 51
	File System Counters
		FILE: Number of bytes read=3503
		FILE: Number of bytes written=361464
		FILE: Number of read operations=0
		FILE: Number of large read operations=0
		FILE: Number of write operations=0
		HDFS: Number of bytes read=5849
		HDFS: Number of bytes written=1275
		HDFS: Number of read operations=10
		HDFS: Number of large read operations=0
		HDFS: Number of write operations=2
	Job Counters 
		Launched map tasks=2
		Launched reduce tasks=1
		Data-local map tasks=2
		Total time spent by all maps in occupied slots (ms)=10498
		Total time spent by all reduces in occupied slots (ms)=3186
		Total time spent by all map tasks (ms)=10498
		Total time spent by all reduce tasks (ms)=3186
		Total vcore-milliseconds taken by all map tasks=10498
		Total vcore-milliseconds taken by all reduce tasks=3186
		Total megabyte-milliseconds taken by all map tasks=10749952
		Total megabyte-milliseconds taken by all reduce tasks=3262464
	Map-Reduce Framework
		Map input records=165
		Map output records=242
		Map output bytes=3013
		Map output materialized bytes=3509
		Input split bytes=298
		Combine input records=0
		Combine output records=0
		Reduce input groups=242
		Reduce shuffle bytes=3509
		Reduce input records=242
		Reduce output records=27
		Spilled Records=484
		Shuffled Maps =2
		Failed Shuffles=0
		Merged Map outputs=2
		GC time elapsed (ms)=312
		CPU time spent (ms)=0
		Physical memory (bytes) snapshot=0
		Virtual memory (bytes) snapshot=0
		Total committed heap usage (bytes)=490209280
	AssociationRules.mappers.AssociationMapper$Counters
		PERMUTATIONS=242
	AssociationRules.reducers.AssociationReducer$Counters
		RULES=154
	Shuffle Errors
		BAD_ID=0
		CONNECTION=0
		IO_ERROR=0
		WRONG_LENGTH=0
		WRONG_MAP=0
		WRONG_REDUCE=0
	File Input Format Counters 
		Bytes Read=1339
	File Output Format Counters 
		Bytes Written=1275
INFO: rule extraction completed.
INFO: total number of itemset permutations: 242
INFO: total number of extracted rules     : 154
************************************************
16/05/13 10:41:15 WARN util.NativeCodeLoader: Unable to load native-hadoop library for your platform... using builtin-java classes where applicable
