16/05/21 15:05:33 WARN util.NativeCodeLoader: Unable to load native-hadoop library for your platform... using builtin-java classes where applicable
16/05/21 15:05:35 WARN util.NativeCodeLoader: Unable to load native-hadoop library for your platform... using builtin-java classes where applicable
16/05/21 15:05:36 INFO fs.TrashPolicyDefault: Namenode trash configuration: Deletion interval = 0 minutes, Emptier interval = 0 minutes.
Deleted results
16/05/21 15:05:37 WARN util.NativeCodeLoader: Unable to load native-hadoop library for your platform... using builtin-java classes where applicable
16/05/21 15:05:39 WARN util.NativeCodeLoader: Unable to load native-hadoop library for your platform... using builtin-java classes where applicable
16/05/21 15:05:42 WARN util.NativeCodeLoader: Unable to load native-hadoop library for your platform... using builtin-java classes where applicable
16/05/21 15:05:43 INFO fs.TrashPolicyDefault: Namenode trash configuration: Deletion interval = 0 minutes, Emptier interval = 0 minutes.
Deleted data/sampleMauro.txt
16/05/21 15:05:44 WARN util.NativeCodeLoader: Unable to load native-hadoop library for your platform... using builtin-java classes where applicable
      ***********************************
INFO: running extraction with
		support threshold   	= 100
		confidence threshold 	= 0.5
      ***********************************
************************************************
INFO: starting frequent itemset extraction for 1-tupels.
16/05/21 15:05:47 WARN util.NativeCodeLoader: Unable to load native-hadoop library for your platform... using builtin-java classes where applicable
16/05/21 15:05:48 INFO client.RMProxy: Connecting to ResourceManager at /0.0.0.0:8032
16/05/21 15:05:48 WARN mapreduce.JobResourceUploader: Hadoop command-line option parsing not performed. Implement the Tool interface and execute your application with ToolRunner to remedy this.
16/05/21 15:05:48 INFO input.FileInputFormat: Total input paths to process : 1
16/05/21 15:05:49 INFO mapreduce.JobSubmitter: number of splits:1
16/05/21 15:05:49 INFO mapreduce.JobSubmitter: Submitting tokens for job: job_1463830108286_0077
16/05/21 15:05:49 INFO impl.YarnClientImpl: Submitted application application_1463830108286_0077
16/05/21 15:05:49 INFO mapreduce.Job: The url to track the job: http://Pauls-MacBook-Air.local:8088/proxy/application_1463830108286_0077/
16/05/21 15:05:49 INFO mapreduce.Job: Running job: job_1463830108286_0077
16/05/21 15:05:57 INFO mapreduce.Job: Job job_1463830108286_0077 running in uber mode : false
16/05/21 15:05:57 INFO mapreduce.Job:  map 0% reduce 0%
16/05/21 15:06:03 INFO mapreduce.Job:  map 100% reduce 0%
16/05/21 15:06:09 INFO mapreduce.Job:  map 100% reduce 100%
16/05/21 15:06:09 INFO mapreduce.Job: Job job_1463830108286_0077 completed successfully
16/05/21 15:06:09 INFO mapreduce.Job: Counters: 55
	File System Counters
		FILE: Number of bytes read=1588
		FILE: Number of bytes written=239397
		FILE: Number of read operations=0
		FILE: Number of large read operations=0
		FILE: Number of write operations=0
		HDFS: Number of bytes read=510800
		HDFS: Number of bytes written=11748
		HDFS: Number of read operations=12
		HDFS: Number of large read operations=0
		HDFS: Number of write operations=6
	Job Counters 
		Launched map tasks=1
		Launched reduce tasks=1
		Data-local map tasks=1
		Total time spent by all maps in occupied slots (ms)=4071
		Total time spent by all reduces in occupied slots (ms)=3212
		Total time spent by all map tasks (ms)=4071
		Total time spent by all reduce tasks (ms)=3212
		Total vcore-milliseconds taken by all map tasks=4071
		Total vcore-milliseconds taken by all reduce tasks=3212
		Total megabyte-milliseconds taken by all map tasks=4168704
		Total megabyte-milliseconds taken by all reduce tasks=3289088
	Map-Reduce Framework
		Map input records=9835
		Map output records=43367
		Map output bytes=299093
		Map output materialized bytes=1588
		Input split bytes=124
		Combine input records=43367
		Combine output records=169
		Reduce input groups=169
		Reduce shuffle bytes=1588
		Reduce input records=169
		Reduce output records=88
		Spilled Records=338
		Shuffled Maps =1
		Failed Shuffles=0
		Merged Map outputs=1
		GC time elapsed (ms)=153
		CPU time spent (ms)=0
		Physical memory (bytes) snapshot=0
		Virtual memory (bytes) snapshot=0
		Total committed heap usage (bytes)=301989888
	AssociationRules.mappers.CandidateMapper$Counters
		INPUTLINES=9835
		ITEMS=169
		REJECTED_WL=0
		WRITTENSETS=43367
	AssociationRules.reducers.CandidateReducer$Counters
		DECLINED_SETS=81
		FREQUENT_ITEMSETS=88
	Shuffle Errors
		BAD_ID=0
		CONNECTION=0
		IO_ERROR=0
		WRONG_LENGTH=0
		WRONG_MAP=0
		WRONG_REDUCE=0
	File Input Format Counters 
		Bytes Read=510676
	File Output Format Counters 
		Bytes Written=625
INFO: frequent itemset extraction completed for tupel size: 1
INFO: number of processed baskets : 9835
INFO: number of passed itemsets: 43367
INFO: number of frequent itemsets : 88
************************************************
************************************************
INFO: starting frequent itemset extraction for 2-tupels.
16/05/21 15:06:09 INFO client.RMProxy: Connecting to ResourceManager at /0.0.0.0:8032
16/05/21 15:06:09 WARN mapreduce.JobResourceUploader: Hadoop command-line option parsing not performed. Implement the Tool interface and execute your application with ToolRunner to remedy this.
16/05/21 15:06:09 INFO input.FileInputFormat: Total input paths to process : 1
16/05/21 15:06:09 INFO mapreduce.JobSubmitter: number of splits:1
16/05/21 15:06:10 INFO mapreduce.JobSubmitter: Submitting tokens for job: job_1463830108286_0078
16/05/21 15:06:10 INFO impl.YarnClientImpl: Submitted application application_1463830108286_0078
16/05/21 15:06:10 INFO mapreduce.Job: The url to track the job: http://Pauls-MacBook-Air.local:8088/proxy/application_1463830108286_0078/
16/05/21 15:06:10 INFO mapreduce.Job: Running job: job_1463830108286_0078
16/05/21 15:06:22 INFO mapreduce.Job: Job job_1463830108286_0078 running in uber mode : false
16/05/21 15:06:22 INFO mapreduce.Job:  map 0% reduce 0%
16/05/21 15:06:29 INFO mapreduce.Job:  map 100% reduce 0%
16/05/21 15:06:34 INFO mapreduce.Job:  map 100% reduce 100%
16/05/21 15:06:35 INFO mapreduce.Job: Job job_1463830108286_0078 completed successfully
16/05/21 15:06:35 INFO mapreduce.Job: Counters: 54
	File System Counters
		FILE: Number of bytes read=45429
		FILE: Number of bytes written=327079
		FILE: Number of read operations=0
		FILE: Number of large read operations=0
		FILE: Number of write operations=0
		HDFS: Number of bytes read=519321
		HDFS: Number of bytes written=13479
		HDFS: Number of read operations=13
		HDFS: Number of large read operations=0
		HDFS: Number of write operations=9
	Job Counters 
		Launched map tasks=1
		Launched reduce tasks=1
		Data-local map tasks=1
		Total time spent by all maps in occupied slots (ms)=4697
		Total time spent by all reduces in occupied slots (ms)=3098
		Total time spent by all map tasks (ms)=4697
		Total time spent by all reduce tasks (ms)=3098
		Total vcore-milliseconds taken by all map tasks=4697
		Total vcore-milliseconds taken by all reduce tasks=3098
		Total megabyte-milliseconds taken by all map tasks=4809728
		Total megabyte-milliseconds taken by all reduce tasks=3172352
	Map-Reduce Framework
		Map input records=9835
		Map output records=115036
		Map output bytes=1112765
		Map output materialized bytes=45429
		Input split bytes=124
		Combine input records=115036
		Combine output records=3781
		Reduce input groups=3781
		Reduce shuffle bytes=45429
		Reduce input records=3781
		Reduce output records=207
		Spilled Records=7562
		Shuffled Maps =1
		Failed Shuffles=0
		Merged Map outputs=1
		GC time elapsed (ms)=164
		CPU time spent (ms)=0
		Physical memory (bytes) snapshot=0
		Virtual memory (bytes) snapshot=0
		Total committed heap usage (bytes)=303562752
	AssociationRules.mappers.CandidateMapper$Counters
		INPUTLINES=9835
		REJECTED_WL=22242
		WRITTENSETS=115036
	AssociationRules.reducers.CandidateReducer$Counters
		DECLINED_SETS=3574
		FREQUENT_ITEMSETS=207
	Shuffle Errors
		BAD_ID=0
		CONNECTION=0
		IO_ERROR=0
		WRONG_LENGTH=0
		WRONG_MAP=0
		WRONG_REDUCE=0
	File Input Format Counters 
		Bytes Read=510676
	File Output Format Counters 
		Bytes Written=1948
INFO: frequent itemset extraction completed for tupel size: 2
INFO: number of processed baskets : 9835
INFO: number of passed itemsets: 115036
INFO: number of frequent itemsets : 207
************************************************
************************************************
INFO: starting frequent itemset extraction for 3-tupels.
16/05/21 15:06:35 INFO client.RMProxy: Connecting to ResourceManager at /0.0.0.0:8032
16/05/21 15:06:35 WARN mapreduce.JobResourceUploader: Hadoop command-line option parsing not performed. Implement the Tool interface and execute your application with ToolRunner to remedy this.
16/05/21 15:06:35 INFO input.FileInputFormat: Total input paths to process : 1
16/05/21 15:06:35 INFO mapreduce.JobSubmitter: number of splits:1
16/05/21 15:06:35 INFO mapreduce.JobSubmitter: Submitting tokens for job: job_1463830108286_0079
16/05/21 15:06:35 INFO impl.YarnClientImpl: Submitted application application_1463830108286_0079
16/05/21 15:06:35 INFO mapreduce.Job: The url to track the job: http://Pauls-MacBook-Air.local:8088/proxy/application_1463830108286_0079/
16/05/21 15:06:35 INFO mapreduce.Job: Running job: job_1463830108286_0079
16/05/21 15:06:47 INFO mapreduce.Job: Job job_1463830108286_0079 running in uber mode : false
16/05/21 15:06:47 INFO mapreduce.Job:  map 0% reduce 0%
16/05/21 15:06:54 INFO mapreduce.Job:  map 100% reduce 0%
16/05/21 15:07:00 INFO mapreduce.Job:  map 100% reduce 100%
16/05/21 15:07:01 INFO mapreduce.Job: Job job_1463830108286_0079 completed successfully
16/05/21 15:07:01 INFO mapreduce.Job: Counters: 54
	File System Counters
		FILE: Number of bytes read=24222
		FILE: Number of bytes written=284665
		FILE: Number of read operations=0
		FILE: Number of large read operations=0
		FILE: Number of write operations=0
		HDFS: Number of bytes read=519729
		HDFS: Number of bytes written=12625
		HDFS: Number of read operations=13
		HDFS: Number of large read operations=0
		HDFS: Number of write operations=9
	Job Counters 
		Launched map tasks=1
		Launched reduce tasks=1
		Data-local map tasks=1
		Total time spent by all maps in occupied slots (ms)=5339
		Total time spent by all reduces in occupied slots (ms)=3387
		Total time spent by all map tasks (ms)=5339
		Total time spent by all reduce tasks (ms)=3387
		Total vcore-milliseconds taken by all map tasks=5339
		Total vcore-milliseconds taken by all reduce tasks=3387
		Total megabyte-milliseconds taken by all map tasks=5467136
		Total megabyte-milliseconds taken by all reduce tasks=3468288
	Map-Reduce Framework
		Map input records=9835
		Map output records=39698
		Map output bytes=472477
		Map output materialized bytes=24222
		Input split bytes=124
		Combine input records=39698
		Combine output records=1729
		Reduce input groups=1729
		Reduce shuffle bytes=24222
		Reduce input records=1729
		Reduce output records=31
		Spilled Records=3458
		Shuffled Maps =1
		Failed Shuffles=0
		Merged Map outputs=1
		GC time elapsed (ms)=207
		CPU time spent (ms)=0
		Physical memory (bytes) snapshot=0
		Virtual memory (bytes) snapshot=0
		Total committed heap usage (bytes)=304611328
	AssociationRules.mappers.CandidateMapper$Counters
		INPUTLINES=9835
		REJECTED_WL=359618
		WRITTENSETS=39698
	AssociationRules.reducers.CandidateReducer$Counters
		DECLINED_SETS=1698
		FREQUENT_ITEMSETS=31
	Shuffle Errors
		BAD_ID=0
		CONNECTION=0
		IO_ERROR=0
		WRONG_LENGTH=0
		WRONG_MAP=0
		WRONG_REDUCE=0
	File Input Format Counters 
		Bytes Read=510676
	File Output Format Counters 
		Bytes Written=358
INFO: frequent itemset extraction completed for tupel size: 3
INFO: number of processed baskets : 9835
INFO: number of passed itemsets: 39698
INFO: number of frequent itemsets : 31
************************************************
************************************************
INFO: starting frequent itemset extraction for 4-tupels.
16/05/21 15:07:02 INFO client.RMProxy: Connecting to ResourceManager at /0.0.0.0:8032
16/05/21 15:07:02 WARN mapreduce.JobResourceUploader: Hadoop command-line option parsing not performed. Implement the Tool interface and execute your application with ToolRunner to remedy this.
16/05/21 15:07:02 INFO input.FileInputFormat: Total input paths to process : 1
16/05/21 15:07:02 INFO mapreduce.JobSubmitter: number of splits:1
16/05/21 15:07:02 INFO mapreduce.JobSubmitter: Submitting tokens for job: job_1463830108286_0080
16/05/21 15:07:02 INFO impl.YarnClientImpl: Submitted application application_1463830108286_0080
16/05/21 15:07:02 INFO mapreduce.Job: The url to track the job: http://Pauls-MacBook-Air.local:8088/proxy/application_1463830108286_0080/
16/05/21 15:07:02 INFO mapreduce.Job: Running job: job_1463830108286_0080
16/05/21 15:07:14 INFO mapreduce.Job: Job job_1463830108286_0080 running in uber mode : false
16/05/21 15:07:14 INFO mapreduce.Job:  map 0% reduce 0%
16/05/21 15:07:24 INFO mapreduce.Job:  map 46% reduce 0%
16/05/21 15:07:26 INFO mapreduce.Job:  map 100% reduce 0%
16/05/21 15:07:32 INFO mapreduce.Job:  map 100% reduce 100%
16/05/21 15:07:32 INFO mapreduce.Job: Job job_1463830108286_0080 completed successfully
16/05/21 15:07:32 INFO mapreduce.Job: Counters: 54
	File System Counters
		FILE: Number of bytes read=181
		FILE: Number of bytes written=236583
		FILE: Number of read operations=0
		FILE: Number of large read operations=0
		FILE: Number of write operations=0
		HDFS: Number of bytes read=520465
		HDFS: Number of bytes written=11099
		HDFS: Number of read operations=13
		HDFS: Number of large read operations=0
		HDFS: Number of write operations=9
	Job Counters 
		Launched map tasks=1
		Launched reduce tasks=1
		Data-local map tasks=1
		Total time spent by all maps in occupied slots (ms)=10676
		Total time spent by all reduces in occupied slots (ms)=3260
		Total time spent by all map tasks (ms)=10676
		Total time spent by all reduce tasks (ms)=3260
		Total vcore-milliseconds taken by all map tasks=10676
		Total vcore-milliseconds taken by all reduce tasks=3260
		Total megabyte-milliseconds taken by all map tasks=10932224
		Total megabyte-milliseconds taken by all reduce tasks=3338240
	Map-Reduce Framework
		Map input records=9835
		Map output records=419
		Map output bytes=5850
		Map output materialized bytes=181
		Input split bytes=124
		Combine input records=419
		Combine output records=11
		Reduce input groups=11
		Reduce shuffle bytes=181
		Reduce input records=11
		Reduce output records=0
		Spilled Records=22
		Shuffled Maps =1
		Failed Shuffles=0
		Merged Map outputs=1
		GC time elapsed (ms)=1171
		CPU time spent (ms)=0
		Physical memory (bytes) snapshot=0
		Virtual memory (bytes) snapshot=0
		Total committed heap usage (bytes)=295698432
	AssociationRules.mappers.CandidateMapper$Counters
		INPUTLINES=9835
		REJECTED_WL=1098416
		WRITTENSETS=419
	AssociationRules.reducers.CandidateReducer$Counters
		DECLINED_SETS=11
		FREQUENT_ITEMSETS=0
	Shuffle Errors
		BAD_ID=0
		CONNECTION=0
		IO_ERROR=0
		WRONG_LENGTH=0
		WRONG_MAP=0
		WRONG_REDUCE=0
	File Input Format Counters 
		Bytes Read=510676
	File Output Format Counters 
		Bytes Written=0
INFO: frequent itemset extraction completed for tupel size: 4
INFO: number of processed baskets : 9835
INFO: number of passed itemsets: 419
INFO: number of frequent itemsets : 0
************************************************
Stopped after trying with 4-tupels
************************************************
INFO: starting rules extraction.
16/05/21 15:07:32 INFO client.RMProxy: Connecting to ResourceManager at /0.0.0.0:8032
16/05/21 15:07:32 WARN mapreduce.JobResourceUploader: Hadoop command-line option parsing not performed. Implement the Tool interface and execute your application with ToolRunner to remedy this.
16/05/21 15:07:32 INFO input.FileInputFormat: Total input paths to process : 3
16/05/21 15:07:32 INFO mapreduce.JobSubmitter: number of splits:3
16/05/21 15:07:32 INFO mapreduce.JobSubmitter: Submitting tokens for job: job_1463830108286_0081
16/05/21 15:07:33 INFO impl.YarnClientImpl: Submitted application application_1463830108286_0081
16/05/21 15:07:33 INFO mapreduce.Job: The url to track the job: http://Pauls-MacBook-Air.local:8088/proxy/application_1463830108286_0081/
16/05/21 15:07:33 INFO mapreduce.Job: Running job: job_1463830108286_0081
16/05/21 15:07:45 INFO mapreduce.Job: Job job_1463830108286_0081 running in uber mode : false
16/05/21 15:07:45 INFO mapreduce.Job:  map 0% reduce 0%
16/05/21 15:07:54 INFO mapreduce.Job:  map 100% reduce 0%
16/05/21 15:07:59 INFO mapreduce.Job:  map 100% reduce 100%
16/05/21 15:08:00 INFO mapreduce.Job: Job job_1463830108286_0081 completed successfully
16/05/21 15:08:00 INFO mapreduce.Job: Counters: 52
	File System Counters
		FILE: Number of bytes read=10795
		FILE: Number of bytes written=494527
		FILE: Number of read operations=0
		FILE: Number of large read operations=0
		FILE: Number of write operations=0
		HDFS: Number of bytes read=7590
		HDFS: Number of bytes written=829
		HDFS: Number of read operations=13
		HDFS: Number of large read operations=0
		HDFS: Number of write operations=2
	Job Counters 
		Killed map tasks=1
		Launched map tasks=3
		Launched reduce tasks=1
		Data-local map tasks=3
		Total time spent by all maps in occupied slots (ms)=19840
		Total time spent by all reduces in occupied slots (ms)=3214
		Total time spent by all map tasks (ms)=19840
		Total time spent by all reduce tasks (ms)=3214
		Total vcore-milliseconds taken by all map tasks=19840
		Total vcore-milliseconds taken by all reduce tasks=3214
		Total megabyte-milliseconds taken by all map tasks=20316160
		Total megabyte-milliseconds taken by all reduce tasks=3291136
	Map-Reduce Framework
		Map input records=326
		Map output records=688
		Map output bytes=9413
		Map output materialized bytes=10807
		Input split bytes=447
		Combine input records=0
		Combine output records=0
		Reduce input groups=688
		Reduce shuffle bytes=10807
		Reduce input records=688
		Reduce output records=13
		Spilled Records=1376
		Shuffled Maps =3
		Failed Shuffles=0
		Merged Map outputs=3
		GC time elapsed (ms)=374
		CPU time spent (ms)=0
		Physical memory (bytes) snapshot=0
		Virtual memory (bytes) snapshot=0
		Total committed heap usage (bytes)=695730176
	AssociationRules.mappers.AssociationMapper$Counters
		PERMUTATIONS=688
	AssociationRules.reducers.AssociationReducer$Counters
		RULES=600
	Shuffle Errors
		BAD_ID=0
		CONNECTION=0
		IO_ERROR=0
		WRONG_LENGTH=0
		WRONG_MAP=0
		WRONG_REDUCE=0
	File Input Format Counters 
		Bytes Read=2931
	File Output Format Counters 
		Bytes Written=829
INFO: rule extraction completed.
INFO: total number of itemset permutations: 688
INFO: total number of extracted rules     : 600
************************************************
Application runtime: 2:14mins
16/05/21 15:08:01 WARN util.NativeCodeLoader: Unable to load native-hadoop library for your platform... using builtin-java classes where applicable
